<?xml version="1.0" encoding="UTF-8"?>
<!-- Generated by org.testng.reporters.JUnitXMLReporter -->
<testsuite ignored="0" hostname="LAPTOP-35LO5QB1" failures="0" tests="4" name="Surefire test" time="6.166" errors="0" timestamp="2025-06-23T00:51:54 IST">
  <testcase classname="com.example.seleniumtest.LoginTest" name="invalidLogin" time="0.326"/>
  <testcase classname="com.example.seleniumtest.LoginTest" name="noPassword" time="0.418"/>
  <testcase classname="com.example.seleniumtest.LoginTest" name="noUsername" time="0.302"/>
  <testcase classname="com.example.seleniumtest.LoginTest" name="validLogin" time="0.403"/>
</testsuite> <!-- Surefire test -->
