<?xml version="1.0" encoding="UTF-8"?>
<testng-results ignored="0" total="4" passed="4" failed="0" skipped="0">
  <reporter-output>
  </reporter-output>
  <suite started-at="2025-06-23T00:51:48 IST" name="Surefire suite" finished-at="2025-06-23T00:51:54 IST" duration-ms="6166">
    <groups>
    </groups>
    <test started-at="2025-06-23T00:51:48 IST" name="Surefire test" finished-at="2025-06-23T00:51:54 IST" duration-ms="6166">
      <class name="com.example.seleniumtest.LoginTest">
        <test-method is-config="true" signature="setUp()[pri:0, instance:com.example.seleniumtest.LoginTest@3e84448c]" started-at="2025-06-23T00:51:48 IST" name="setUp" finished-at="2025-06-23T00:51:49 IST" duration-ms="1357" status="PASS">
          <reporter-output>
          </reporter-output>
        </test-method> <!-- setUp -->
        <test-method signature="invalidLogin()[pri:0, instance:com.example.seleniumtest.LoginTest@3e84448c]" started-at="2025-06-23T00:51:49 IST" name="invalidLogin" finished-at="2025-06-23T00:51:50 IST" duration-ms="326" status="PASS">
          <reporter-output>
          </reporter-output>
        </test-method> <!-- invalidLogin -->
        <test-method is-config="true" signature="tearDown()[pri:0, instance:com.example.seleniumtest.LoginTest@3e84448c]" started-at="2025-06-23T00:51:50 IST" name="tearDown" finished-at="2025-06-23T00:51:50 IST" duration-ms="173" status="PASS">
          <reporter-output>
          </reporter-output>
        </test-method> <!-- tearDown -->
        <test-method is-config="true" signature="setUp()[pri:0, instance:com.example.seleniumtest.LoginTest@3e84448c]" started-at="2025-06-23T00:51:50 IST" name="setUp" finished-at="2025-06-23T00:51:51 IST" duration-ms="830" status="PASS">
          <reporter-output>
          </reporter-output>
        </test-method> <!-- setUp -->
        <test-method signature="noPassword()[pri:0, instance:com.example.seleniumtest.LoginTest@3e84448c]" started-at="2025-06-23T00:51:51 IST" name="noPassword" finished-at="2025-06-23T00:51:51 IST" duration-ms="418" status="PASS">
          <reporter-output>
          </reporter-output>
        </test-method> <!-- noPassword -->
        <test-method is-config="true" signature="tearDown()[pri:0, instance:com.example.seleniumtest.LoginTest@3e84448c]" started-at="2025-06-23T00:51:51 IST" name="tearDown" finished-at="2025-06-23T00:51:51 IST" duration-ms="181" status="PASS">
          <reporter-output>
          </reporter-output>
        </test-method> <!-- tearDown -->
        <test-method is-config="true" signature="setUp()[pri:0, instance:com.example.seleniumtest.LoginTest@3e84448c]" started-at="2025-06-23T00:51:51 IST" name="setUp" finished-at="2025-06-23T00:51:52 IST" duration-ms="863" status="PASS">
          <reporter-output>
          </reporter-output>
        </test-method> <!-- setUp -->
        <test-method signature="noUsername()[pri:0, instance:com.example.seleniumtest.LoginTest@3e84448c]" started-at="2025-06-23T00:51:52 IST" name="noUsername" finished-at="2025-06-23T00:51:52 IST" duration-ms="302" status="PASS">
          <reporter-output>
          </reporter-output>
        </test-method> <!-- noUsername -->
        <test-method is-config="true" signature="tearDown()[pri:0, instance:com.example.seleniumtest.LoginTest@3e84448c]" started-at="2025-06-23T00:51:52 IST" name="tearDown" finished-at="2025-06-23T00:51:53 IST" duration-ms="159" status="PASS">
          <reporter-output>
          </reporter-output>
        </test-method> <!-- tearDown -->
        <test-method is-config="true" signature="setUp()[pri:0, instance:com.example.seleniumtest.LoginTest@3e84448c]" started-at="2025-06-23T00:51:53 IST" name="setUp" finished-at="2025-06-23T00:51:53 IST" duration-ms="870" status="PASS">
          <reporter-output>
          </reporter-output>
        </test-method> <!-- setUp -->
        <test-method signature="validLogin()[pri:0, instance:com.example.seleniumtest.LoginTest@3e84448c]" started-at="2025-06-23T00:51:53 IST" name="validLogin" finished-at="2025-06-23T00:51:54 IST" duration-ms="403" status="PASS">
          <reporter-output>
          </reporter-output>
        </test-method> <!-- validLogin -->
        <test-method is-config="true" signature="tearDown()[pri:0, instance:com.example.seleniumtest.LoginTest@3e84448c]" started-at="2025-06-23T00:51:54 IST" name="tearDown" finished-at="2025-06-23T00:51:54 IST" duration-ms="148" status="PASS">
          <reporter-output>
          </reporter-output>
        </test-method> <!-- tearDown -->
      </class> <!-- com.example.seleniumtest.LoginTest -->
    </test> <!-- Surefire test -->
  </suite> <!-- Surefire suite -->
</testng-results>
